2024-07-04 20:37:19,688 - [2-0(c)] node 1 already exists
2024-07-04 20:37:19,688 - [2-0(c)] node 2 already exists
2024-07-04 20:37:19,688 - [2-0(c)] connect to 1 ok
2024-07-04 20:37:19,700 - [31m[1mWARNING: This is a development server. Do not use it in a production deployment. Use a production WSGI server instead.[0m
 * Running on http://127.0.0.1:4920
2024-07-04 20:37:19,701 - [33mPress CTRL+C to quit[0m
2024-07-04 20:37:20,148 - [2-1(c)] get 1. voters: ['2']
2024-07-04 20:37:20,149 - [2-2(c)] raft accept: 1
2024-07-04 20:37:20,663 - [2-2(c)] get 1. voters: ['2']
2024-07-04 20:37:21,165 - [2-3(c)] get 1. voters: ['2']
2024-07-04 20:37:21,167 - [2-11(c)] on_follower called
2024-07-04 20:37:25,703 - [2-11(f)] raft accept: 3
2024-07-04 20:37:26,193 - [2-11(f)] connect to 3
2024-07-04 20:37:26,197 - [2-11(f)] node 3 already exists
2024-07-04 20:37:26,199 - [2-11(f)] node 1 already exists
2024-07-04 20:37:26,200 - [2-11(f)] node 2 already exists
2024-07-04 20:37:26,201 - [2-11(f)] connect to 3 ok
2024-07-04 20:39:18,916 - Node Port: 5020, Node ID: 2, Node Status: f - Partition '1' fetched successfully
2024-07-04 20:39:18,917 - 127.0.0.1 - - [04/Jul/2024 20:39:18] "GET /get_partition/1 HTTP/1.1" 200 -
2024-07-04 20:39:59,682 - Node Port: 5020, Node ID: 2, Node Status: f - Node metadata displayed successfully!
2024-07-04 20:39:59,683 - 127.0.0.1 - - [04/Jul/2024 20:39:59] "GET /show_node_metadata HTTP/1.1" 200 -
